eeschema (22-Jun-2014 BZR 4027)-stable  >> Creation date: Sun 12 Oct 2014 04:48:07 PM CEST
#Cmp ( order = Reference )
| C1         50µ        
| P_EG       CONN_6      
| P_LFO      CONN_6      
| P_VCA      CONN_6      
| P_VCO      CONN_6      
| R1         20          
| U1         LM324       
#End Cmp

#Cmp ( order = Value )
| 50µ         C1        
| CONN_6       P_EG      
| CONN_6       P_LFO     
| CONN_6       P_VCA     
| CONN_6       P_VCO     
| 20           R1        
| LM324        U1        
#End Cmp

#End List
